<?xml version="1.0" encoding="UTF-8"?>
<!-- Generated by org.testng.reporters.JUnitXMLReporter -->
<testsuite ignored="0" hostname="Scaletech-GS" failures="0" tests="4" name="Default test" time="22.706" errors="0" timestamp="2023-03-29T16:55:59 IST">
  <testcase classname="sakhiya.test.SubmitOrderTest" name="submitOrder" time="3.584"/>
  <testcase classname="sakhiya.test.SubmitOrderTest" name="submitOrder" time="3.434"/>
  <testcase classname="sakhiya.test.SubmitOrderTest" name="OrderHistoryTest" time="0.671"/>
  <testcase classname="sakhiya.test.SubmitOrderTest" name="OrderHistoryTest" time="0.602"/>
</testsuite> <!-- Default test -->
